<?xml version="1.0" encoding="UTF-8"?>
<!-- Generated by org.testng.reporters.JUnitReportReporter -->
<testsuite hostname="manikandan-ravi-Yoga-7-16IRL8" failures="0" tests="1" name="com.clover.solution.ui.test.TC003_check_the_search_engine_Google_type2" time="2.400" errors="0" timestamp="2024-01-23T15:23:51 EST" skipped="0">
  <testcase classname="com.clover.solution.ui.test.TC003_check_the_search_engine_Google_type2" name="TC003_check_the_search_engine_Google_type" time="2.400"/>
  <system-out/>
</testsuite> <!-- com.clover.solution.ui.test.TC003_check_the_search_engine_Google_type2 -->
