<?xml version="1.0" encoding="UTF-8"?>
<!-- Generated by org.testng.reporters.JUnitReportReporter -->
<testsuite hostname="manikandan-ravi-Yoga-7-16IRL8" failures="0" tests="1" name="com.clover.solution.ui.test.TC001_check_myPortfoliosite_Sanity" time="1.847" errors="0" timestamp="2024-01-23T15:20:30 EST" skipped="0">
  <testcase classname="com.clover.solution.ui.test.TC001_check_myPortfoliosite_Sanity" name="TC004_check_myPortfoliosite_SanityTest" time="1.847"/>
  <system-out/>
</testsuite> <!-- com.clover.solution.ui.test.TC001_check_myPortfoliosite_Sanity -->
